MIME-Version: 1.0
Content-Type: text/plain; charset="utf-8"
Content-Transfer-Encoding: 7bit
Subject: COPOSTO: We found a person to bring your parcel
From: info@coposto.com
To: earthcops@mail.ru
Date: Fri, 12 Feb 2016 16:50:20 -0000
Message-ID: <20160212165020.86256.76556@msnlui-MacBook-Pro.local>

Hello, BEKNAZAR
We have a great news for you!
Beknazar is ready to bring your parcel!
Please, send email to kkk@ks.ru to finish the transaction.

We would like to remind you that the parcel info as follows:

- Parcel name: asdjkahsd
- Parcel description: hskjhakdh
- Weight: 3.0
- Price: 3.0

Thank you,

COPOSTO team.
-------------------------------------------------------------------------------
