MIME-Version: 1.0
Content-Type: text/plain; charset="utf-8"
Content-Transfer-Encoding: 7bit
Subject: COPOSTO: We found a person to bring your parcel
From: info@coposto.com
To: askar@gmail.com
Date: Fri, 12 Feb 2016 16:50:21 -0000
Message-ID: <20160212165021.86256.12062@msnlui-MacBook-Pro.local>

Hello, Askar
We have a great news for you!
Beknazar is ready to bring your parcel!
Please, send email to kkk@ks.ru to finish the transaction.

We would like to remind you that the parcel info as follows:

- Parcel name: Docs
- Parcel description: Pack of 5 papers. Important papers to be sent immediately
- Weight: 0.5
- Price: 2.5

Thank you,

COPOSTO team.
-------------------------------------------------------------------------------
