MIME-Version: 1.0
Content-Type: text/plain; charset="utf-8"
Content-Transfer-Encoding: 7bit
Subject: COPOSTO: We found a person to bring your parcel
From: info@coposto.com
To: askar@gmail.com
Date: Fri, 19 Feb 2016 08:58:36 -0000
Message-ID: <20160219085836.57271.15197@abdikamalovbeknazarui-imac.local>

Hello, Askar
We have a great news for you!
BEKNAZAR is ready to bring your parcel!
Please, send email to earthcops@mail.ru to finish the transaction.

We would like to remind you that the parcel info as follows:

- Parcel name: Docs
- Parcel description: Pack of 5 papers. Important papers to be sent immediately
- Weight: 0.5
- Price: 2.5

Thank you,

COPOSTO team.
-------------------------------------------------------------------------------
