MIME-Version: 1.0
Content-Type: text/plain; charset="utf-8"
Content-Transfer-Encoding: 7bit
Subject: COPOSTO: We found a person to bring your parcel
From: info@coposto.com
To: earthcops@mail.ru
Date: Sat, 20 Feb 2016 09:32:13 -0000
Message-ID: <20160220093213.61201.48421@abdikamalovbeknazarui-imac.local>

Hello, BEKNAZAR
We have a great news for you!
Mirza is ready to bring your parcel!
Please, send email to abdik@naver.com to finish the transaction.

We would like to remind you that the parcel info as follows:

- Parcel name: Pack of candies
- Parcel description: Very delicious pack of candies developed by PROCOP. They are very clean and light. You can try if you want.
- Weight: 5.0
- Price: 6.0

Thank you,

COPOSTO team.
-------------------------------------------------------------------------------
