MIME-Version: 1.0
Content-Type: text/plain; charset="utf-8"
Content-Transfer-Encoding: 7bit
Subject: COPOSTO: We found a person to bring your parcel
From: info@coposto.com
To: abdik@naver.com
Date: Fri, 19 Feb 2016 08:58:54 -0000
Message-ID: <20160219085854.57271.80771@abdikamalovbeknazarui-imac.local>

Hello, Mirza
We have a great news for you!
BEKNAZAR is ready to bring your parcel!
Please, send email to earthcops@mail.ru to finish the transaction.

We would like to remind you that the parcel info as follows:

- Parcel name: Vodka
- Parcel description: 1 bottle of the best alcohol in the world
- Weight: 1.3
- Price: 3.0

Thank you,

COPOSTO team.
-------------------------------------------------------------------------------
